[0m12:34:25.751645 [debug] [MainThread]: Sending event: {'category': 'dbt', 'action': 'invocation', 'label': 'start', 'context': [<snowplow_tracker.self_describing_json.SelfDescribingJson object at 0x1030dc0d0>, <snowplow_tracker.self_describing_json.SelfDescribingJson object at 0x104e4b9a0>, <snowplow_tracker.self_describing_json.SelfDescribingJson object at 0x104ec49d0>]}


============================== 12:34:25.754378 | a270ed0c-3189-4d43-a481-e1bc27fc9f04 ==============================
[0m12:34:25.754378 [info ] [MainThread]: Running with dbt=1.7.7
[0m12:34:25.754727 [debug] [MainThread]: running dbt with arguments {'printer_width': '80', 'indirect_selection': 'eager', 'write_json': 'True', 'log_cache_events': 'False', 'partial_parse': 'True', 'cache_selected_only': 'False', 'profiles_dir': '/Users/pranitpatil/.dbt', 'version_check': 'True', 'warn_error': 'None', 'log_path': 'logs', 'debug': 'False', 'fail_fast': 'False', 'use_colors': 'True', 'use_experimental_parser': 'False', 'no_print': 'None', 'quiet': 'False', 'log_format': 'default', 'invocation_command': 'dbt init', 'introspect': 'True', 'static_parser': 'True', 'target_path': 'None', 'warn_error_options': 'WarnErrorOptions(include=[], exclude=[])', 'send_anonymous_usage_stats': 'True'}
[0m12:34:32.870906 [debug] [MainThread]: Starter project path: /Users/pranitpatil/.pyenv/versions/3.8.18/lib/python3.8/site-packages/dbt/include/starter_project
[0m12:34:32.882739 [info ] [MainThread]: 
Your new dbt project "custom_postgres" was created!

For more information on how to configure the profiles.yml file,
please consult the dbt documentation here:

  https://docs.getdbt.com/docs/configure-your-profile

One more thing:

Need help? Don't hesitate to reach out to us via GitHub issues or on Slack:

  https://community.getdbt.com/

Happy modeling!

[0m12:34:32.883535 [info ] [MainThread]: Setting up your profile.
[0m12:35:54.703515 [info ] [MainThread]: Profile custom_postgres written to /Users/pranitpatil/.dbt/profiles.yml using target's profile_template.yml and your supplied values. Run 'dbt debug' to validate the connection.
[0m12:35:54.708862 [debug] [MainThread]: Resource report: {"command_name": "init", "command_success": true, "command_wall_clock_time": 88.997795, "process_user_time": 1.181722, "process_kernel_time": 0.137268, "process_mem_max_rss": "95109120", "process_in_blocks": "0", "process_out_blocks": "0"}
[0m12:35:54.710613 [debug] [MainThread]: Command `dbt init` succeeded at 12:35:54.710261 after 89.00 seconds
[0m12:35:54.711581 [debug] [MainThread]: Sending event: {'category': 'dbt', 'action': 'invocation', 'label': 'end', 'context': [<snowplow_tracker.self_describing_json.SelfDescribingJson object at 0x1030dc0d0>, <snowplow_tracker.self_describing_json.SelfDescribingJson object at 0x104e4b9a0>, <snowplow_tracker.self_describing_json.SelfDescribingJson object at 0x104eafc40>]}
[0m12:35:54.712785 [debug] [MainThread]: Flushing usage events
[0m12:37:29.280546 [debug] [MainThread]: Sending event: {'category': 'dbt', 'action': 'invocation', 'label': 'start', 'context': [<snowplow_tracker.self_describing_json.SelfDescribingJson object at 0x1071b0040>, <snowplow_tracker.self_describing_json.SelfDescribingJson object at 0x108b8c700>, <snowplow_tracker.self_describing_json.SelfDescribingJson object at 0x108b96220>]}


============================== 12:37:29.283212 | 846261a3-3633-4c27-b504-2654703483e0 ==============================
[0m12:37:29.283212 [info ] [MainThread]: Running with dbt=1.7.7
[0m12:37:29.283566 [debug] [MainThread]: running dbt with arguments {'printer_width': '80', 'indirect_selection': 'eager', 'log_cache_events': 'False', 'write_json': 'True', 'partial_parse': 'True', 'cache_selected_only': 'False', 'warn_error': 'None', 'debug': 'False', 'profiles_dir': '/Users/pranitpatil/.dbt', 'log_path': 'logs', 'version_check': 'True', 'fail_fast': 'False', 'use_colors': 'True', 'use_experimental_parser': 'False', 'no_print': 'None', 'quiet': 'False', 'warn_error_options': 'WarnErrorOptions(include=[], exclude=[])', 'invocation_command': 'dbt debug', 'introspect': 'True', 'log_format': 'default', 'target_path': 'None', 'static_parser': 'True', 'send_anonymous_usage_stats': 'True'}
[0m12:37:29.283993 [info ] [MainThread]: dbt version: 1.7.7
[0m12:37:29.284189 [info ] [MainThread]: python version: 3.8.18
[0m12:37:29.284379 [info ] [MainThread]: python path: /Users/pranitpatil/.pyenv/versions/3.8.18/bin/python3.8
[0m12:37:29.284604 [info ] [MainThread]: os info: macOS-13.2-arm64-arm-64bit
[0m12:37:29.355660 [info ] [MainThread]: Using profiles dir at /Users/pranitpatil/.dbt
[0m12:37:29.355984 [info ] [MainThread]: Using profiles.yml file at /Users/pranitpatil/.dbt/profiles.yml
[0m12:37:29.356238 [info ] [MainThread]: Using dbt_project.yml file at /Users/pranitpatil/Desktop/Github Projects/custom-elt-project/dbt_project.yml
[0m12:37:29.356452 [info ] [MainThread]: Configuration:
[0m12:37:29.356635 [info ] [MainThread]:   profiles.yml file [[31mERROR invalid[0m]
[0m12:37:29.356815 [info ] [MainThread]:   dbt_project.yml file [[31mERROR not found[0m]
[0m12:37:29.356991 [info ] [MainThread]: Required dependencies:
[0m12:37:29.357219 [debug] [MainThread]: Executing "git --help"
[0m12:37:29.370515 [debug] [MainThread]: STDOUT: "b"usage: git [-v | --version] [-h | --help] [-C <path>] [-c <name>=<value>]\n           [--exec-path[=<path>]] [--html-path] [--man-path] [--info-path]\n           [-p | --paginate | -P | --no-pager] [--no-replace-objects] [--bare]\n           [--git-dir=<path>] [--work-tree=<path>] [--namespace=<name>]\n           [--config-env=<name>=<envvar>] <command> [<args>]\n\nThese are common Git commands used in various situations:\n\nstart a working area (see also: git help tutorial)\n   clone     Clone a repository into a new directory\n   init      Create an empty Git repository or reinitialize an existing one\n\nwork on the current change (see also: git help everyday)\n   add       Add file contents to the index\n   mv        Move or rename a file, a directory, or a symlink\n   restore   Restore working tree files\n   rm        Remove files from the working tree and from the index\n\nexamine the history and state (see also: git help revisions)\n   bisect    Use binary search to find the commit that introduced a bug\n   diff      Show changes between commits, commit and working tree, etc\n   grep      Print lines matching a pattern\n   log       Show commit logs\n   show      Show various types of objects\n   status    Show the working tree status\n\ngrow, mark and tweak your common history\n   branch    List, create, or delete branches\n   commit    Record changes to the repository\n   merge     Join two or more development histories together\n   rebase    Reapply commits on top of another base tip\n   reset     Reset current HEAD to the specified state\n   switch    Switch branches\n   tag       Create, list, delete or verify a tag object signed with GPG\n\ncollaborate (see also: git help workflows)\n   fetch     Download objects and refs from another repository\n   pull      Fetch from and integrate with another repository or a local branch\n   push      Update remote refs along with associated objects\n\n'git help -a' and 'git help -g' list available subcommands and some\nconcept guides. See 'git help <command>' or 'git help <concept>'\nto read about a specific subcommand or concept.\nSee 'git help git' for an overview of the system.\n""
[0m12:37:29.371140 [debug] [MainThread]: STDERR: "b''"
[0m12:37:29.371389 [info ] [MainThread]:  - git [[32mOK found[0m]

[0m12:37:29.371617 [info ] [MainThread]: Connection test skipped since no profile was found
[0m12:37:29.371857 [info ] [MainThread]: [31m2 checks failed:[0m
[0m12:37:29.372048 [info ] [MainThread]: Could not load dbt_project.yml
Profile loading failed for the following reason:
Runtime Error
  Credentials in profile "default", target "dev" invalid: ['dbname'] is not of type 'string'


[0m12:37:29.372268 [info ] [MainThread]: Project loading failed for the following reason:
 project path </Users/pranitpatil/Desktop/Github Projects/custom-elt-project/dbt_project.yml> not found

[0m12:37:29.373904 [debug] [MainThread]: Resource report: {"command_name": "debug", "command_wall_clock_time": 0.13339563, "process_user_time": 1.176817, "process_kernel_time": 0.1095, "process_mem_max_rss": "96305152", "command_success": false, "process_in_blocks": "0", "process_out_blocks": "0"}
[0m12:37:29.374377 [debug] [MainThread]: Command `dbt debug` failed at 12:37:29.374280 after 0.13 seconds
[0m12:37:29.374699 [debug] [MainThread]: Sending event: {'category': 'dbt', 'action': 'invocation', 'label': 'end', 'context': [<snowplow_tracker.self_describing_json.SelfDescribingJson object at 0x1071b0040>, <snowplow_tracker.self_describing_json.SelfDescribingJson object at 0x108399df0>, <snowplow_tracker.self_describing_json.SelfDescribingJson object at 0x108fe99a0>]}
[0m12:37:29.374999 [debug] [MainThread]: Flushing usage events
